Mapnik Tile Renderer Console Server, version 2019-01-14-B
Файл проекта: sample_PROJ_Lipetsk(0.97).mtr_project
Сервер запущен в: 16.10.2021 15:14:17
Подключения клиентов: tcp://127.0.0.1:9666/task_sample_proj_lipetsk(0.97)
Статус в браузере: http://127.0.0.1:9666/getstatus

Клиенты 0:

Нарезано 0 зумов из 3
Выбранные зумы для нарезки: 7, 8, 9
Зона для нарезки: ( 37.7221324667635 ; 53.5887835531144 ) .. ( 40.7662233346571 ; 51.8846142674259 ) - 0

Сейчас в работе: 0

Зум 7, выполнено 0.0%
  - Начато: 16.10.2021 15:14:17
  - Тайл обр: 0 из 64, сзд 0, ппщ 0, дыр 0 в 0 квдр
  - Номера тайлов: x 0 из 77..79, y 0 из 41..47
  - Размер созданных тайлов: 0 байт
  - Выполняется: 0 дн 0 ч 0 м 4 c

Зум 8, выполнено 0.0%
  - Начато: 16.10.2021 15:14:17
  - Тайл обр: 0 из 64, сзд 0, ппщ 0, дыр 0 в 0 квдр
  - Номера тайлов: x 0 из 154..159, y 0 из 82..87
  - Размер созданных тайлов: 0 байт
  - Выполняется: 0 дн 0 ч 0 м 4 c

Зум 9, выполнено 0.0%
  - Начато: 16.10.2021 15:14:17
  - Тайл обр: 0 из 256, сзд 0, ппщ 0, дыр 0 в 0 квдр
  - Номера тайлов: x 0 из 309..319, y 0 из 165..175
  - Размер созданных тайлов: 0 байт
  - Выполняется: 0 дн 0 ч 0 м 3 c

Нарезано 0 зумов из 3
Тайл обр: 0 из 384/384, сзд 0, ппщ 0, дыр 0 в 0 квдр
Размер созданных тайлов: 0 байт
Выполняется: 0 дн 0 ч 0 м 4 c
Выполнено 0.0%
